<?xml version="1.0" encoding="UTF-8"?>
<testsuite name="ru.melon_egoist.auth.SecurityConfigTest" tests="3" skipped="0" failures="0" errors="0" timestamp="2025-05-29T18:35:44.066Z" hostname="melon-egoist-IdeaPad-5-Pro-16ACH6" time="0.02">
  <properties/>
  <testcase name="securityFilterChain_isLoaded()" classname="ru.melon_egoist.auth.SecurityConfigTest" time="0.012"/>
  <testcase name="authenticationManager_isLoaded()" classname="ru.melon_egoist.auth.SecurityConfigTest" time="0.004"/>
  <testcase name="passwordEncoder_isBCrypt()" classname="ru.melon_egoist.auth.SecurityConfigTest" time="0.002"/>
  <system-out><![CDATA[21:35:40.619 [Test worker] INFO org.springframework.test.context.support.AnnotationConfigContextLoaderUtils -- Could not detect default configuration classes for test class [ru.melon_egoist.auth.SecurityConfigTest]: SecurityConfigTest does not declare any static, non-private, non-final, nested classes annotated with @Configuration.
21:35:40.737 [Test worker] INFO org.springframework.boot.test.context.SpringBootTestContextBootstrapper -- Found @SpringBootConfiguration ru.melon_egoist.Backend for test class ru.melon_egoist.auth.SecurityConfigTest

  .   ____          _            __ _ _
 /\\ / ___'_ __ _ _(_)_ __  __ _ \ \ \ \
( ( )\___ | '_ | '_| | '_ \/ _` | \ \ \ \
 \\/  ___)| |_)| | | | | || (_| |  ) ) ) )
  '  |____| .__|_| |_|_| |_\__, | / / / /
 =========|_|==============|___/=/_/_/_/
 :: Spring Boot ::                (v3.2.0)

2025-05-29T21:35:41.080+03:00  INFO 167309 --- [    Test worker] r.melon_egoist.auth.SecurityConfigTest   : Starting SecurityConfigTest using Java 17.0.15 with PID 167309 (started by melon_egoist in /home/melon_egoist/Desktop/lab4WebNew/backend)
2025-05-29T21:35:41.082+03:00  INFO 167309 --- [    Test worker] r.melon_egoist.auth.SecurityConfigTest   : No active profile set, falling back to 1 default profile: "default"
2025-05-29T21:35:41.619+03:00  INFO 167309 --- [    Test worker] .s.d.r.c.RepositoryConfigurationDelegate : Bootstrapping Spring Data JPA repositories in DEFAULT mode.
2025-05-29T21:35:41.661+03:00  INFO 167309 --- [    Test worker] .s.d.r.c.RepositoryConfigurationDelegate : Finished Spring Data repository scanning in 36 ms. Found 2 JPA repository interfaces.
2025-05-29T21:35:42.018+03:00  INFO 167309 --- [    Test worker] o.hibernate.jpa.internal.util.LogHelper  : HHH000204: Processing PersistenceUnitInfo [name: default]
2025-05-29T21:35:42.067+03:00  INFO 167309 --- [    Test worker] org.hibernate.Version                    : HHH000412: Hibernate ORM core version 6.3.1.Final
2025-05-29T21:35:42.102+03:00  INFO 167309 --- [    Test worker] o.h.c.internal.RegionFactoryInitiator    : HHH000026: Second-level cache disabled
2025-05-29T21:35:42.195+03:00  INFO 167309 --- [    Test worker] o.s.o.j.p.SpringPersistenceUnitInfo      : No LoadTimeWeaver setup: ignoring JPA class transformer
2025-05-29T21:35:42.218+03:00  INFO 167309 --- [    Test worker] com.zaxxer.hikari.HikariDataSource       : HikariPool-1 - Starting...
2025-05-29T21:35:42.493+03:00  INFO 167309 --- [    Test worker] com.zaxxer.hikari.pool.HikariPool        : HikariPool-1 - Added connection org.postgresql.jdbc.PgConnection@2484c868
2025-05-29T21:35:42.495+03:00  INFO 167309 --- [    Test worker] com.zaxxer.hikari.HikariDataSource       : HikariPool-1 - Start completed.
2025-05-29T21:35:42.530+03:00  WARN 167309 --- [    Test worker] org.hibernate.orm.deprecation            : HHH90000025: PostgreSQLDialect does not need to be specified explicitly using 'hibernate.dialect' (remove the property setting and it will be selected by default)
2025-05-29T21:35:43.170+03:00  INFO 167309 --- [    Test worker] o.h.e.t.j.p.i.JtaPlatformInitiator       : HHH000489: No JTA platform available (set 'hibernate.transaction.jta.platform' to enable JTA platform integration)
2025-05-29T21:35:43.239+03:00  INFO 167309 --- [    Test worker] j.LocalContainerEntityManagerFactoryBean : Initialized JPA EntityManagerFactory for persistence unit 'default'
2025-05-29T21:35:43.562+03:00  WARN 167309 --- [    Test worker] JpaBaseConfiguration$JpaWebConfiguration : spring.jpa.open-in-view is enabled by default. Therefore, database queries may be performed during view rendering. Explicitly configure spring.jpa.open-in-view to disable this warning
2025-05-29T21:35:43.807+03:00  INFO 167309 --- [    Test worker] o.s.s.web.DefaultSecurityFilterChain     : Will secure any request with [org.springframework.security.web.session.DisableEncodeUrlFilter@7296675e, org.springframework.security.web.context.request.async.WebAsyncManagerIntegrationFilter@6cd31e5f, org.springframework.security.web.context.SecurityContextHolderFilter@5bdfae42, org.springframework.security.web.header.HeaderWriterFilter@97842a0, org.springframework.web.filter.CorsFilter@57be0d93, org.springframework.security.web.authentication.logout.LogoutFilter@31af3f22, ru.melon_egoist.auth.JwtRequestFilter@5e8f0c54, org.springframework.security.web.savedrequest.RequestCacheAwareFilter@7a98f106, org.springframework.security.web.servletapi.SecurityContextHolderAwareRequestFilter@633328d3, org.springframework.security.web.authentication.AnonymousAuthenticationFilter@3e02988, org.springframework.security.web.session.SessionManagementFilter@6f2f4b9e, org.springframework.security.web.access.ExceptionTranslationFilter@2e587292, org.springframework.security.web.access.intercept.AuthorizationFilter@2a12389e]
2025-05-29T21:35:44.052+03:00  INFO 167309 --- [    Test worker] r.melon_egoist.auth.SecurityConfigTest   : Started SecurityConfigTest in 3.179 seconds (process running for 5.293)
]]></system-out>
  <system-err><![CDATA[]]></system-err>
</testsuite>
